{"log":
 [{"message":
   ".> LEAN_PATH=././.lake/packages/Cli/.lake/build/lib:././.lake/packages/batteries/.lake/build/lib:././.lake/packages/Qq/.lake/build/lib:././.lake/packages/aesop/.lake/build/lib:././.lake/packages/proofwidgets/.lake/build/lib:././.lake/packages/importGraph/.lake/build/lib:././.lake/packages/LeanSearchClient/.lake/build/lib:././.lake/packages/plausible/.lake/build/lib:././.lake/packages/mathlib/.lake/build/lib:././.lake/build/lib DYLD_LIBRARY_PATH= /Users/linda/.elan/toolchains/leanprover--lean4---v4.15.0/bin/lean -Dpp.unicode.fun=true -DautoImplicit=false ././././SocialChoiceAtlas/Sen/BaseCase24/Theorem.lean -R ./././. -o ././.lake/build/lib/SocialChoiceAtlas/Sen/BaseCase24/Theorem.olean -i ././.lake/build/lib/SocialChoiceAtlas/Sen/BaseCase24/Theorem.ilean -c ././.lake/build/ir/SocialChoiceAtlas/Sen/BaseCase24/Theorem.c --json",
   "level": "trace"},
  {"message":
   "././././SocialChoiceAtlas/Sen/BaseCase24/Theorem.lean:107:6: try 'simp' instead of 'simpa'\nnote: this linter can be disabled with `set_option linter.unnecessarySimpa false`",
   "level": "warning"},
  {"message":
   "././././SocialChoiceAtlas/Sen/BaseCase24/Theorem.lean:182:27: try 'simp' instead of 'simpa'\nnote: this linter can be disabled with `set_option linter.unnecessarySimpa false`",
   "level": "warning"},
  {"message":
   "././././SocialChoiceAtlas/Sen/BaseCase24/Theorem.lean:191:27: try 'simp' instead of 'simpa'\nnote: this linter can be disabled with `set_option linter.unnecessarySimpa false`",
   "level": "warning"},
  {"message":
   "././././SocialChoiceAtlas/Sen/BaseCase24/Theorem.lean:248:8: try 'simp' instead of 'simpa'\nnote: this linter can be disabled with `set_option linter.unnecessarySimpa false`",
   "level": "warning"},
  {"message":
   "././././SocialChoiceAtlas/Sen/BaseCase24/Theorem.lean:252:8: try 'simp' instead of 'simpa'\nnote: this linter can be disabled with `set_option linter.unnecessarySimpa false`",
   "level": "warning"},
  {"message":
   "././././SocialChoiceAtlas/Sen/BaseCase24/Theorem.lean:355:8: try 'simp' instead of 'simpa'\nnote: this linter can be disabled with `set_option linter.unnecessarySimpa false`",
   "level": "warning"},
  {"message":
   "././././SocialChoiceAtlas/Sen/BaseCase24/Theorem.lean:359:8: try 'simp' instead of 'simpa'\nnote: this linter can be disabled with `set_option linter.unnecessarySimpa false`",
   "level": "warning"},
  {"message":
   "././././SocialChoiceAtlas/Sen/BaseCase24/Theorem.lean:461:8: try 'simp' instead of 'simpa'\nnote: this linter can be disabled with `set_option linter.unnecessarySimpa false`",
   "level": "warning"},
  {"message":
   "././././SocialChoiceAtlas/Sen/BaseCase24/Theorem.lean:465:8: try 'simp' instead of 'simpa'\nnote: this linter can be disabled with `set_option linter.unnecessarySimpa false`",
   "level": "warning"},
  {"message":
   "././././SocialChoiceAtlas/Sen/BaseCase24/Theorem.lean:469:8: try 'simp' instead of 'simpa'\nnote: this linter can be disabled with `set_option linter.unnecessarySimpa false`",
   "level": "warning"},
  {"message":
   "././././SocialChoiceAtlas/Sen/BaseCase24/Theorem.lean:473:8: try 'simp' instead of 'simpa'\nnote: this linter can be disabled with `set_option linter.unnecessarySimpa false`",
   "level": "warning"}],
 "depHash": "4181321797372775010"}